
======== GPU REPORT ========

==============NVSMI LOG==============

Timestamp                           : Fri Dec  7 22:51:53 2018
Driver Version                      : 396.37

Attached GPUs                       : 2
GPU 00000000:01:00.0
    Accounting Mode                 : Disabled
    Accounting Mode Buffer Size     : 4000
    Accounted Processes             : None

GPU 00000000:03:00.0
    Accounting Mode                 : Enabled
    Accounting Mode Buffer Size     : 4000
    Accounted Processes             : None

Fri Dec  7 22:51:54 2018       
+-----------------------------------------------------------------------------+
| NVIDIA-SMI 396.37                 Driver Version: 396.37                    |
|-------------------------------+----------------------+----------------------+
| GPU  Name        Persistence-M| Bus-Id        Disp.A | Volatile Uncorr. ECC |
| Fan  Temp  Perf  Pwr:Usage/Cap|         Memory-Usage | GPU-Util  Compute M. |
|===============================+======================+======================|
|   0  GeForce GTX TIT...  Off  | 00000000:01:00.0 Off |                  N/A |
|  0%   65C    P0    65W / 250W |      0MiB / 12212MiB |      2%      Default |
+-------------------------------+----------------------+----------------------+
|   1  GeForce GT 1030     Off  | 00000000:03:00.0 Off |                  N/A |
| 32%   43C    P8    N/A /  30W |      0MiB /  2001MiB |      0%      Default |
+-------------------------------+----------------------+----------------------+
                                                                               
+-----------------------------------------------------------------------------+
| Processes:                                                       GPU Memory |
|  GPU       PID   Type   Process name                             Usage      |
|=============================================================================|
|  No running processes found                                                 |
+-----------------------------------------------------------------------------+
